0 info it worked if it ends with ok
1 verbose cli [ '/usr/bin/nodejs', '/usr/bin/npm', 'install', '--global', 'elm' ]
2 info using npm@1.3.10
3 info using node@v0.10.25
4 verbose cache add [ 'elm', null ]
5 verbose cache add name=undefined spec="elm" args=["elm",null]
6 verbose parsed url { protocol: null,
6 verbose parsed url   slashes: null,
6 verbose parsed url   auth: null,
6 verbose parsed url   host: null,
6 verbose parsed url   port: null,
6 verbose parsed url   hostname: null,
6 verbose parsed url   hash: null,
6 verbose parsed url   search: null,
6 verbose parsed url   query: null,
6 verbose parsed url   pathname: 'elm',
6 verbose parsed url   path: 'elm',
6 verbose parsed url   href: 'elm' }
7 silly lockFile 8bcb59f2-elm elm
8 verbose lock elm /home/kenjiomoto/.npm/8bcb59f2-elm.lock
9 silly lockFile 8bcb59f2-elm elm
10 silly lockFile 8bcb59f2-elm elm
11 verbose addNamed [ 'elm', '' ]
12 verbose addNamed [ null, '*' ]
13 silly lockFile 7cc07372-elm elm@
14 verbose lock elm@ /home/kenjiomoto/.npm/7cc07372-elm.lock
15 silly addNameRange { name: 'elm', range: '*', hasData: false }
16 verbose url raw elm
17 verbose url resolving [ 'https://registry.npmjs.org/', './elm' ]
18 verbose url resolved https://registry.npmjs.org/elm
19 info trying registry request attempt 1 at 21:52:20
20 verbose etag "8IUM76LDCXY4LB3LHX7EVK9AV"
21 http GET https://registry.npmjs.org/elm
22 http 304 https://registry.npmjs.org/elm
23 silly registry.get cb [ 304,
23 silly registry.get   { date: 'Mon, 12 Oct 2015 12:52:20 GMT',
23 silly registry.get     via: '1.1 varnish',
23 silly registry.get     'cache-control': 'max-age=60',
23 silly registry.get     etag: '"8IUM76LDCXY4LB3LHX7EVK9AV"',
23 silly registry.get     age: '0',
23 silly registry.get     connection: 'keep-alive',
23 silly registry.get     'x-served-by': 'cache-nrt6125-NRT',
23 silly registry.get     'x-cache': 'MISS',
23 silly registry.get     'x-cache-hits': '0',
23 silly registry.get     'x-timer': 'S1444654340.371538,VS0,VE946',
23 silly registry.get     vary: 'Accept' } ]
24 verbose etag elm from cache
25 silly addNameRange number 2 { name: 'elm', range: '*', hasData: true }
26 silly addNameRange versions [ 'elm',
26 silly addNameRange   [ '0.0.0',
26 silly addNameRange     '1.2.0',
26 silly addNameRange     '1.3.0',
26 silly addNameRange     '1.4.0',
26 silly addNameRange     '1.4.1',
26 silly addNameRange     '1.5.0',
26 silly addNameRange     '1.5.1',
26 silly addNameRange     '1.5.2',
26 silly addNameRange     '2.0.0' ] ]
27 verbose addNamed [ 'elm', '2.0.0' ]
28 verbose addNamed [ '2.0.0', '2.0.0' ]
29 silly lockFile 88f76d56-elm-2-0-0 elm@2.0.0
30 verbose lock elm@2.0.0 /home/kenjiomoto/.npm/88f76d56-elm-2-0-0.lock
31 silly lockFile 88f76d56-elm-2-0-0 elm@2.0.0
32 silly lockFile 88f76d56-elm-2-0-0 elm@2.0.0
33 silly lockFile 7cc07372-elm elm@
34 silly lockFile 7cc07372-elm elm@
35 silly resolved [ { name: 'elm',
35 silly resolved     version: '2.0.0',
35 silly resolved     description: 'elm-platform wrapper that makes it seamlessly available as a local dependency',
35 silly resolved     license: 'MIT',
35 silly resolved     repository: { type: 'git', url: 'git://github.com/kevva/elm-bin' },
35 silly resolved     author:
35 silly resolved      { name: 'Kevin Mårtensson',
35 silly resolved        email: 'kevinmartensson@gmail.com',
35 silly resolved        url: 'https://github.com/kevva' },
35 silly resolved     engines: { node: '>=0.10.0' },
35 silly resolved     bin:
35 silly resolved      { elm: 'bin/elm',
35 silly resolved        'elm-make': 'bin/elm-make',
35 silly resolved        'elm-package': 'bin/elm-package',
35 silly resolved        'elm-reactor': 'bin/elm-reactor',
35 silly resolved        'elm-repl': 'bin/elm-repl' },
35 silly resolved     scripts: { postinstall: 'node lib/install.js', test: 'node test.js' },
35 silly resolved     files: [ 'bin', 'index.js', 'lib', 'share' ],
35 silly resolved     keywords:
35 silly resolved      [ 'bin',
35 silly resolved        'binary',
35 silly resolved        'cli',
35 silly resolved        'cli-app',
35 silly resolved        'elm',
35 silly resolved        'elm-make',
35 silly resolved        'elm-package',
35 silly resolved        'elm-reactor',
35 silly resolved        'elm-repl',
35 silly resolved        'wrapper' ],
35 silly resolved     dependencies:
35 silly resolved      { 'async-each-series': '^0.1.1',
35 silly resolved        'bin-wrapper': '^3.0.0',
35 silly resolved        logalot: '^2.0.0' },
35 silly resolved     devDependencies: { ava: '^0.0.4', 'bin-check': '^1.0.0' },
35 silly resolved     readme: '# elm-bin [![Build Status](https://travis-ci.org/kevva/elm-bin.svg?branch=master)](http://travis-ci.org/kevva/elm-bin)\n\n> Binary wrapper for [elm-platform](https://github.com/elm-lang/elm-platform)\n\n\n## Install\n\n```\n$ npm install --global elm\n```\n\n```\n$ elm --help\n$ elm-make --help\n$ elm-package --help\n$ elm-reactor --help\n$ elm-repl --help\n```\n\nAlso, set the `ELM_HOME` environment variable to `/usr/local/lib/node_modules/elm/share` or the corresponding directory created on your machine.\n\n## License\n\nMIT © [Kevin Mårtensson](https://github.com/kevva)\n',
35 silly resolved     readmeFilename: 'readme.md',
35 silly resolved     bugs: { url: 'https://github.com/kevva/elm-bin/issues' },
35 silly resolved     _id: 'elm@2.0.0',
35 silly resolved     _from: 'elm@' } ]
36 info install elm@2.0.0 into /usr/local/lib
37 info installOne elm@2.0.0
38 info /usr/local/lib/node_modules/elm unbuild
39 verbose tar unpack /home/kenjiomoto/.npm/elm/2.0.0/package.tgz
40 silly lockFile 51fbca03-r-usr-local-lib-node-modules-elm tar:///usr/local/lib/node_modules/elm
41 verbose lock tar:///usr/local/lib/node_modules/elm /home/kenjiomoto/.npm/51fbca03-r-usr-local-lib-node-modules-elm.lock
42 silly lockFile b4103e86-iomoto-npm-elm-2-0-0-package-tgz tar:///home/kenjiomoto/.npm/elm/2.0.0/package.tgz
43 verbose lock tar:///home/kenjiomoto/.npm/elm/2.0.0/package.tgz /home/kenjiomoto/.npm/b4103e86-iomoto-npm-elm-2-0-0-package-tgz.lock
44 silly gunzTarPerm modes [ '755', '644' ]
45 error Error: EACCES, mkdir '/usr/local/lib/node_modules'
45 error  { [Error: EACCES, mkdir '/usr/local/lib/node_modules']
45 error   errno: 3,
45 error   code: 'EACCES',
45 error   path: '/usr/local/lib/node_modules',
45 error   fstream_type: 'Directory',
45 error   fstream_path: '/usr/local/lib/node_modules/elm',
45 error   fstream_class: 'DirWriter',
45 error   fstream_stack:
45 error    [ '/usr/lib/nodejs/fstream/lib/writer.js:171:23',
45 error      '/usr/lib/nodejs/mkdirp/index.js:37:53',
45 error      'Object.oncomplete (fs.js:107:15)' ] }
46 error Please try running this command again as root/Administrator.
47 error System Linux 3.13.0-51-generic
48 error command "/usr/bin/nodejs" "/usr/bin/npm" "install" "--global" "elm"
49 error cwd /home/kenjiomoto/Documents/elm-example-presentation
50 error node -v v0.10.25
51 error npm -v 1.3.10
52 error path /usr/local/lib/node_modules
53 error fstream_path /usr/local/lib/node_modules/elm
54 error fstream_type Directory
55 error fstream_class DirWriter
56 error code EACCES
57 error errno 3
58 error stack Error: EACCES, mkdir '/usr/local/lib/node_modules'
59 error fstream_stack /usr/lib/nodejs/fstream/lib/writer.js:171:23
59 error fstream_stack /usr/lib/nodejs/mkdirp/index.js:37:53
59 error fstream_stack Object.oncomplete (fs.js:107:15)
60 verbose exit [ 3, true ]
